  main.cpp
c:\users\conno\documents\visual studio 2015\projects\cfpvf9_cel_shading_demo\cfpvf9_cel_shading_demo\main.cpp(25): warning C4244: 'initializing': conversion from 'float' to 'int', possible loss of data
c:\users\conno\documents\visual studio 2015\projects\cfpvf9_cel_shading_demo\cfpvf9_cel_shading_demo\main.cpp(132): warning C4018: '<': signed/unsigned mismatch
c:\users\conno\documents\visual studio 2015\projects\cfpvf9_cel_shading_demo\cfpvf9_cel_shading_demo\main.cpp(138): warning C4018: '<': signed/unsigned mismatch
c:\users\conno\documents\visual studio 2015\projects\cfpvf9_cel_shading_demo\cfpvf9_cel_shading_demo\main.cpp(157): warning C4018: '<': signed/unsigned mismatch
c:\users\conno\documents\visual studio 2015\projects\cfpvf9_cel_shading_demo\cfpvf9_cel_shading_demo\main.cpp(206): warning C4018: '<': signed/unsigned mismatch
c:\users\conno\documents\visual studio 2015\projects\cfpvf9_cel_shading_demo\cfpvf9_cel_shading_demo\main.cpp(217): warning C4018: '<': signed/unsigned mismatch
c:\users\conno\documents\visual studio 2015\projects\cfpvf9_cel_shading_demo\cfpvf9_cel_shading_demo\main.cpp(226): warning C4018: '<': signed/unsigned mismatch
c:\users\conno\documents\visual studio 2015\projects\cfpvf9_cel_shading_demo\cfpvf9_cel_shading_demo\main.cpp(235): warning C4018: '<': signed/unsigned mismatch
c:\users\conno\documents\visual studio 2015\projects\cfpvf9_cel_shading_demo\cfpvf9_cel_shading_demo\main.cpp(79): warning C4101: 'arrayz': unreferenced local variable
c:\users\conno\documents\visual studio 2015\projects\cfpvf9_cel_shading_demo\cfpvf9_cel_shading_demo\main.cpp(79): warning C4101: 'arrayx': unreferenced local variable
c:\users\conno\documents\visual studio 2015\projects\cfpvf9_cel_shading_demo\cfpvf9_cel_shading_demo\main.cpp(71): warning C4101: 'file2': unreferenced local variable
c:\users\conno\documents\visual studio 2015\projects\cfpvf9_cel_shading_demo\cfpvf9_cel_shading_demo\main.cpp(79): warning C4101: 'arrayy': unreferenced local variable
c:\users\conno\documents\visual studio 2015\projects\cfpvf9_cel_shading_demo\cfpvf9_cel_shading_demo\main.cpp(79): warning C4101: 'arraycenter': unreferenced local variable
c:\users\conno\documents\visual studio 2015\projects\cfpvf9_cel_shading_demo\cfpvf9_cel_shading_demo\main.cpp(288): warning C4101: 'posZ': unreferenced local variable
c:\users\conno\documents\visual studio 2015\projects\cfpvf9_cel_shading_demo\cfpvf9_cel_shading_demo\main.cpp(288): warning C4101: 'posY': unreferenced local variable
c:\users\conno\documents\visual studio 2015\projects\cfpvf9_cel_shading_demo\cfpvf9_cel_shading_demo\main.cpp(288): warning C4101: 'posX': unreferenced local variable
c:\users\conno\documents\visual studio 2015\projects\cfpvf9_cel_shading_demo\cfpvf9_cel_shading_demo\main.cpp(365): warning C4244: '+=': conversion from 'double' to 'float', possible loss of data
c:\users\conno\documents\visual studio 2015\projects\cfpvf9_cel_shading_demo\cfpvf9_cel_shading_demo\main.cpp(366): warning C4244: '+=': conversion from 'double' to 'float', possible loss of data
  cfpvf9_cel_shading_demo.vcxproj -> C:\Users\Conno\Documents\Visual Studio 2015\Projects\cfpvf9_cel_shading_demo\Debug\cfpvf9_cel_shading_demo.exe
  cfpvf9_cel_shading_demo.vcxproj -> C:\Users\Conno\Documents\Visual Studio 2015\Projects\cfpvf9_cel_shading_demo\Debug\cfpvf9_cel_shading_demo.pdb (Full PDB)
